<?xml version="1.0" encoding="UTF-8"?>
<testng-results ignored="0" total="3" passed="3" failed="0" skipped="0">
  <reporter-output>
  </reporter-output>
  <suite started-at="2024-03-13T14:46:36Z" name="Default suite" finished-at="2024-03-13T14:47:24Z" duration-ms="47757">
    <groups>
    </groups>
    <test started-at="2024-03-13T14:46:36Z" name="Default test" finished-at="2024-03-13T14:47:24Z" duration-ms="47757">
      <class name="testNGExecution.Demo">
        <test-method signature="demo()[pri:0, instance:testNGExecution.Demo@54504ecd]" started-at="2024-03-13T14:46:36Z" name="demo" finished-at="2024-03-13T14:47:06Z" duration-ms="29740" status="PASS">
          <reporter-output>
          </reporter-output>
        </test-method> <!-- demo -->
      </class> <!-- testNGExecution.Demo -->
      <class name="testNGExecution.Remo">
        <test-method signature="remo()[pri:0, instance:testNGExecution.Remo@38b27cdc]" started-at="2024-03-13T14:47:06Z" name="remo" finished-at="2024-03-13T14:47:15Z" duration-ms="9278" status="PASS">
          <reporter-output>
          </reporter-output>
        </test-method> <!-- remo -->
      </class> <!-- testNGExecution.Remo -->
      <class name="testNGExecution.Sumo">
        <test-method signature="sumo()[pri:0, instance:testNGExecution.Sumo@1339e7aa]" started-at="2024-03-13T14:47:15Z" name="sumo" finished-at="2024-03-13T14:47:24Z" duration-ms="8719" status="PASS">
          <reporter-output>
          </reporter-output>
        </test-method> <!-- sumo -->
      </class> <!-- testNGExecution.Sumo -->
    </test> <!-- Default test -->
  </suite> <!-- Default suite -->
</testng-results>
