<?xml version="1.0" encoding="UTF-8"?>
<!-- Generated by org.testng.reporters.JUnitXMLReporter -->
<testsuite ignored="0" hostname="Shreya" failures="0" tests="3" name="Default test" time="47.757" errors="0" timestamp="13 Mar 2024 14:47:24 GMT">
  <testcase classname="testNGExecution.Demo" name="demo" time="29.74"/>
  <testcase classname="testNGExecution.Remo" name="remo" time="9.278"/>
  <testcase classname="testNGExecution.Sumo" name="sumo" time="8.719"/>
</testsuite> <!-- Default test -->
